e:\visual_studio_projects\dev\2d_gameengine\debug\vc142.pdb
e:\visual_studio_projects\dev\2d_gameengine\debug\vc142.idb
e:\visual_studio_projects\dev\2d_gameengine\debug\game.obj
e:\visual_studio_projects\dev\2d_gameengine\debug\main.obj
e:\visual_studio_projects\dev\2d_gameengine - textures\debug\vc142.pdb
e:\visual_studio_projects\dev\2d_gameengine - textures\debug\vc142.idb
e:\visual_studio_projects\dev\2d_gameengine - textures\debug\main.obj
e:\visual_studio_projects\dev\2d_gameengine - textures\debug\game.obj
e:\visual_studio_projects\dev\2d_gameengine\debug\2d_gameengine.exe
e:\visual_studio_projects\dev\2d_gameengine\debug\2d_gameengine.ilk
e:\visual_studio_projects\dev\2d_gameengine\debug\2d_gameengine.pdb
e:\visual_studio_projects\dev\2d_gameengine - textures\debug\2d_gameengine.ilk
e:\visual_studio_projects\dev\2d_gameengine - textures\debug\2d_gameengine.exe
e:\visual_studio_projects\dev\2d_gameengine - textures\debug\2d_gameengine.pdb
e:\visual_studio_projects\dev\2d_gameengine - textures\debug\2d_gameengine.tlog\cl.command.1.tlog
e:\visual_studio_projects\dev\2d_gameengine - textures\debug\2d_gameengine.tlog\cl.read.1.tlog
e:\visual_studio_projects\dev\2d_gameengine - textures\debug\2d_gameengine.tlog\cl.write.1.tlog
e:\visual_studio_projects\dev\2d_gameengine - textures\debug\2d_gameengine.tlog\link.command.1.tlog
e:\visual_studio_projects\dev\2d_gameengine - textures\debug\2d_gameengine.tlog\link.read.1.tlog
e:\visual_studio_projects\dev\2d_gameengine - textures\debug\2d_gameengine.tlog\link.write.1.tlog
